<?xml version="1.0" encoding="UTF-8"?>
<testsuite xmlns:xsi="http://www.w3.org/2001/XMLSchema-instance" xsi:noNamespaceSchemaLocation="https://maven.apache.org/surefire/maven-surefire-plugin/xsd/surefire-test-report.xsd" version="3.0.2" name="ir.co.zephyer.CalculatorSumTest" time="0.078" tests="4" errors="0" skipped="0" failures="0">
  <properties>
    <property name="java.specification.version" value="21"/>
    <property name="sun.cpu.isalist" value="amd64"/>
    <property name="sun.jnu.encoding" value="Cp1256"/>
    <property name="java.class.path" value="F:\MyProject\Selenium-New-Version\zephyer-test\target\test-classes;F:\MyProject\Selenium-New-Version\zephyer-test\target\classes;C:\Users\m_nakhjiri\.m2\repository\com\smartbear\zephyrscale-junit-integration\2.0.0\zephyrscale-junit-integration-2.0.0.jar;C:\Users\m_nakhjiri\.m2\repository\junit\junit\4.11\junit-4.11.jar;C:\Users\m_nakhjiri\.m2\repository\org\hamcrest\hamcrest-core\1.3\hamcrest-core-1.3.jar;C:\Users\m_nakhjiri\.m2\repository\com\fasterxml\jackson\core\jackson-databind\2.9.4\jackson-databind-2.9.4.jar;C:\Users\m_nakhjiri\.m2\repository\com\fasterxml\jackson\core\jackson-annotations\2.9.0\jackson-annotations-2.9.0.jar;C:\Users\m_nakhjiri\.m2\repository\com\fasterxml\jackson\core\jackson-core\2.9.4\jackson-core-2.9.4.jar;C:\Users\m_nakhjiri\.m2\repository\org\apache\commons\commons-lang3\3.0\commons-lang3-3.0.jar;C:\Users\m_nakhjiri\.m2\repository\org\slf4j\slf4j-api\1.7.25\slf4j-api-1.7.25.jar;C:\Users\m_nakhjiri\.m2\repository\org\slf4j\slf4j-log4j12\1.7.25\slf4j-log4j12-1.7.25.jar;C:\Users\m_nakhjiri\.m2\repository\log4j\log4j\1.2.17\log4j-1.2.17.jar;C:\Users\m_nakhjiri\.m2\repository\org\slf4j\slf4j-simple\1.7.25\slf4j-simple-1.7.25.jar;"/>
    <property name="java.vm.vendor" value="Oracle Corporation"/>
    <property name="sun.arch.data.model" value="64"/>
    <property name="user.variant" value=""/>
    <property name="java.vendor.url" value="https://java.oracle.com/"/>
    <property name="user.timezone" value="GMT+03:30"/>
    <property name="os.name" value="Windows 10"/>
    <property name="java.vm.specification.version" value="21"/>
    <property name="sun.java.launcher" value="SUN_STANDARD"/>
    <property name="user.country" value="US"/>
    <property name="sun.boot.library.path" value="C:\Program Files\Java\jdk-21\bin"/>
    <property name="sun.java.command" value="C:\Users\m_nakhjiri\AppData\Local\Temp\surefire9770290311478926469\surefirebooter-20250916152846836_3.jar C:\Users\m_nakhjiri\AppData\Local\Temp\surefire9770290311478926469 2025-09-16T15-28-46_600-jvmRun1 surefire-20250916152846836_1tmp surefire_0-20250916152846836_2tmp"/>
    <property name="jdk.debug" value="release"/>
    <property name="surefire.test.class.path" value="F:\MyProject\Selenium-New-Version\zephyer-test\target\test-classes;F:\MyProject\Selenium-New-Version\zephyer-test\target\classes;C:\Users\m_nakhjiri\.m2\repository\com\smartbear\zephyrscale-junit-integration\2.0.0\zephyrscale-junit-integration-2.0.0.jar;C:\Users\m_nakhjiri\.m2\repository\junit\junit\4.11\junit-4.11.jar;C:\Users\m_nakhjiri\.m2\repository\org\hamcrest\hamcrest-core\1.3\hamcrest-core-1.3.jar;C:\Users\m_nakhjiri\.m2\repository\com\fasterxml\jackson\core\jackson-databind\2.9.4\jackson-databind-2.9.4.jar;C:\Users\m_nakhjiri\.m2\repository\com\fasterxml\jackson\core\jackson-annotations\2.9.0\jackson-annotations-2.9.0.jar;C:\Users\m_nakhjiri\.m2\repository\com\fasterxml\jackson\core\jackson-core\2.9.4\jackson-core-2.9.4.jar;C:\Users\m_nakhjiri\.m2\repository\org\apache\commons\commons-lang3\3.0\commons-lang3-3.0.jar;C:\Users\m_nakhjiri\.m2\repository\org\slf4j\slf4j-api\1.7.25\slf4j-api-1.7.25.jar;C:\Users\m_nakhjiri\.m2\repository\org\slf4j\slf4j-log4j12\1.7.25\slf4j-log4j12-1.7.25.jar;C:\Users\m_nakhjiri\.m2\repository\log4j\log4j\1.2.17\log4j-1.2.17.jar;C:\Users\m_nakhjiri\.m2\repository\org\slf4j\slf4j-simple\1.7.25\slf4j-simple-1.7.25.jar;"/>
    <property name="sun.cpu.endian" value="little"/>
    <property name="user.home" value="C:\Users\m_nakhjiri"/>
    <property name="user.language" value="en"/>
    <property name="java.specification.vendor" value="Oracle Corporation"/>
    <property name="java.version.date" value="2024-01-16"/>
    <property name="java.home" value="C:\Program Files\Java\jdk-21"/>
    <property name="file.separator" value="\"/>
    <property name="basedir" value="F:\MyProject\Selenium-New-Version\zephyer-test"/>
    <property name="java.vm.compressedOopsMode" value="Zero based"/>
    <property name="line.separator" value="&#10;"/>
    <property name="java.vm.specification.vendor" value="Oracle Corporation"/>
    <property name="java.specification.name" value="Java Platform API Specification"/>
    <property name="surefire.real.class.path" value="C:\Users\m_nakhjiri\AppData\Local\Temp\surefire9770290311478926469\surefirebooter-20250916152846836_3.jar"/>
    <property name="user.script" value=""/>
    <property name="sun.management.compiler" value="HotSpot 64-Bit Tiered Compilers"/>
    <property name="java.runtime.version" value="21.0.2+13-LTS-58"/>
    <property name="user.name" value="m_nakhjiri"/>
    <property name="stdout.encoding" value="Cp1256"/>
    <property name="path.separator" value=";"/>
    <property name="os.version" value="10.0"/>
    <property name="java.runtime.name" value="Java(TM) SE Runtime Environment"/>
    <property name="file.encoding" value="UTF-8"/>
    <property name="java.vm.name" value="Java HotSpot(TM) 64-Bit Server VM"/>
    <property name="localRepository" value="C:\Users\m_nakhjiri\.m2\repository"/>
    <property name="java.vendor.url.bug" value="https://bugreport.java.com/bugreport/"/>
    <property name="java.io.tmpdir" value="C:\Users\M_NAKH~1\AppData\Local\Temp\"/>
    <property name="idea.version" value="2024.1.2"/>
    <property name="java.version" value="21.0.2"/>
    <property name="user.dir" value="F:\MyProject\Selenium-New-Version\zephyer-test"/>
    <property name="os.arch" value="amd64"/>
    <property name="java.vm.specification.name" value="Java Virtual Machine Specification"/>
    <property name="sun.os.patch.level" value=""/>
    <property name="native.encoding" value="Cp1256"/>
    <property name="java.library.path" value="C:\Program Files\Java\jdk-21\bin;C:\Windows\Sun\Java\bin;C:\Windows\system32;C:\Windows;C:\Windows\system32;C:\Windows;C:\Windows\System32\Wbem;C:\Windows\System32\WindowsPowerShell\v1.0\;C:\Windows\System32\OpenSSH\;C:\OpenSSL-Win32\bin;C:\Program Files (x86)\IBM\Personal Communications\;C:\Program Files (x86)\IBM\Trace Facility\;C:\Program Files\Git\cmd;C:\Program Files\Docker\Docker\resources\bin;C:\ProgramData\chocolatey\bin;C:\Program Files\nodejs\;C:\Program Files\dotnet\;C:\Users\m_nakhjiri\AppData\Local\Programs\Python\Python312\Scripts\;C:\Users\m_nakhjiri\AppData\Local\Programs\Python\Python312\;C:\Users\m_nakhjiri\scoop\shims;C:\Users\m_nakhjiri\AppData\Local\pnpm;C:\Program Files\MySQL\MySQL Shell 8.0\bin\;C:\Users\m_nakhjiri\AppData\Local\Microsoft\WindowsApps;C:\Program Files\Java\jdk21\bin;C:\Users\m_nakhjiri\AppData\Local\Programs\Microsoft VS Code\bin;C:\Users\m_nakhjiri\Desktop\Electron\FFmpeg\bin;C:\Program Files\nodejs;F:\apache-maven-3.8.6\bin;C:\Users\m_nakhjiri\AppData\Local\GitHubDesktop\bin;F:\coureses\Tools\spring-boot\spring-boot-cli-3.1.4-bin\spring-3.1.4\bin;E:\Gradle\gradle-8.7\bin;C:\Users\m_nakhjiri\AppData\Roaming\npm;."/>
    <property name="java.vm.info" value="mixed mode, sharing"/>
    <property name="stderr.encoding" value="Cp1256"/>
    <property name="java.vendor" value="Oracle Corporation"/>
    <property name="java.vm.version" value="21.0.2+13-LTS-58"/>
    <property name="sun.io.unicode.encoding" value="UnicodeLittle"/>
    <property name="java.class.version" value="65.0"/>
  </properties>
  <testcase name="mappedToTestCaseNameAndPass" classname="ir.co.zephyer.CalculatorSumTest" time="0.005">
    <system-err><![CDATA[SLF4J: Class path contains multiple SLF4J bindings.
SLF4J: Found binding in [jar:file:/C:/Users/m_nakhjiri/.m2/repository/org/slf4j/slf4j-log4j12/1.7.25/slf4j-log4j12-1.7.25.jar!/org/slf4j/impl/StaticLoggerBinder.class]
SLF4J: Found binding in [jar:file:/C:/Users/m_nakhjiri/.m2/repository/org/slf4j/slf4j-simple/1.7.25/slf4j-simple-1.7.25.jar!/org/slf4j/impl/StaticLoggerBinder.class]
SLF4J: See http://www.slf4j.org/codes.html#multiple_bindings for an explanation.
SLF4J: Actual binding is of type [org.slf4j.impl.Log4jLoggerFactory]
]]></system-err>
  </testcase>
  <testcase name="notMappedToTestCaseAndPass" classname="ir.co.zephyer.CalculatorSumTest" time="0.001"/>
  <testcase name="sumTwoNumbersAndFail" classname="ir.co.zephyer.CalculatorSumTest" time="0.0"/>
  <testcase name="sumTwoNumbersAndPass" classname="ir.co.zephyer.CalculatorSumTest" time="0.002"/>
</testsuite>